<?xml version="1.0" encoding="UTF-8"?>
<testng-results ignored="0" total="2" passed="2" failed="0" skipped="0">
  <reporter-output>
  </reporter-output>
  <suite started-at="2022-09-13T08:28:03 EDT" name="Default suite" finished-at="2022-09-13T08:28:13 EDT" duration-ms="9726">
    <groups>
    </groups>
    <test started-at="2022-09-13T08:28:03 EDT" name="Default test" finished-at="2022-09-13T08:28:13 EDT" duration-ms="9726">
      <class name="com.qa.practice.testcases.loginPagetest">
        <test-method is-config="true" signature="setup()[pri:0, instance:com.qa.practice.testcases.loginPagetest@77888435]" started-at="2022-09-13T08:28:03 EDT" name="setup" finished-at="2022-09-13T08:28:07 EDT" duration-ms="4476" status="PASS">
          <reporter-output>
          </reporter-output>
        </test-method> <!-- setup -->
        <test-method signature="phpLogoTest()[pri:0, instance:com.qa.practice.testcases.loginPagetest@77888435]" started-at="2022-09-13T08:28:07 EDT" name="phpLogoTest" finished-at="2022-09-13T08:28:07 EDT" duration-ms="68" status="PASS">
          <reporter-output>
          </reporter-output>
        </test-method> <!-- phpLogoTest -->
        <test-method is-config="true" signature="tearDown()[pri:0, instance:com.qa.practice.testcases.loginPagetest@77888435]" started-at="2022-09-13T08:28:07 EDT" name="tearDown" finished-at="2022-09-13T08:28:08 EDT" duration-ms="845" status="PASS">
          <reporter-output>
          </reporter-output>
        </test-method> <!-- tearDown -->
        <test-method is-config="true" signature="setup()[pri:0, instance:com.qa.practice.testcases.loginPagetest@77888435]" started-at="2022-09-13T08:28:08 EDT" name="setup" finished-at="2022-09-13T08:28:12 EDT" duration-ms="3547" status="PASS">
          <reporter-output>
          </reporter-output>
        </test-method> <!-- setup -->
        <test-method signature="securePaymentLogoTest()[pri:0, instance:com.qa.practice.testcases.loginPagetest@77888435]" started-at="2022-09-13T08:28:12 EDT" name="securePaymentLogoTest" finished-at="2022-09-13T08:28:12 EDT" duration-ms="3" status="PASS">
          <reporter-output>
          </reporter-output>
        </test-method> <!-- securePaymentLogoTest -->
        <test-method is-config="true" signature="tearDown()[pri:0, instance:com.qa.practice.testcases.loginPagetest@77888435]" started-at="2022-09-13T08:28:12 EDT" name="tearDown" finished-at="2022-09-13T08:28:13 EDT" duration-ms="752" status="PASS">
          <reporter-output>
          </reporter-output>
        </test-method> <!-- tearDown -->
      </class> <!-- com.qa.practice.testcases.loginPagetest -->
    </test> <!-- Default test -->
  </suite> <!-- Default suite -->
</testng-results>
